2025-06-09 14:46:05,452 - asyncio - DEBUG - Using proactor: IocpProactor
2025-06-09 14:46:05,527 - asyncio - DEBUG - Using proactor: IocpProactor
2025-06-09 14:46:05,575 - root - DEBUG - Carregado arquivo de configuração: excel.yaml
2025-06-09 14:46:05,579 - root - DEBUG - Carregado arquivo de configuração: behaviors.yaml
2025-06-09 14:46:05,580 - root - DEBUG - Carregado arquivo de configuração: cache.yaml
2025-06-09 14:46:05,596 - root - DEBUG - Carregado arquivo de configuração: strategies.yaml
2025-06-09 14:46:05,597 - root - DEBUG - Carregado arquivo de configuração: risk.yaml
2025-06-09 14:46:05,600 - root - DEBUG - Carregado arquivo de configuração: database.yaml
2025-06-09 14:46:05,602 - root - DEBUG - Carregado arquivo de configuração: mock.yaml
2025-06-09 14:46:05,638 - root - INFO - Configuração carregada - Modo: production
2025-06-09 14:46:05,650 - Bootstrap - INFO - Inicializando componentes via bootstrap...
2025-06-09 14:46:05,652 - src.strategies.strategy_loader - DEBUG - Backup criado: config\backups\strategies_backup_20250609_144605.yaml
2025-06-09 14:46:05,669 - src.strategies.strategy_loader - DEBUG - Backup antigo removido: config\backups\strategies_backup_20250609_115154.yaml
2025-06-09 14:46:05,687 - src.strategies.strategy_loader - INFO - Configuração carregada de config\strategies.yaml (load #1)
2025-06-09 14:46:05,695 - src.strategies.confluence - INFO - ConfluenceAnalyzer v3.2 inicializado - Janela: 30min, Correlação mínima: 60.0%, Cache TTL: 5s, Volume Profile: Habilitado
2025-06-09 14:46:05,712 - src.strategies.decision_matrix - DEBUG - Regra 'Reversão Absorção + Exaustão' carregada com sucesso.
2025-06-09 14:46:05,713 - src.strategies.decision_matrix - DEBUG - Regra 'Institucional + S/R' carregada com sucesso.
2025-06-09 14:46:05,713 - src.strategies.decision_matrix - DEBUG - Regra 'Fade Stop Hunt' carregada com sucesso.
2025-06-09 14:46:05,713 - src.strategies.decision_matrix - DEBUG - Regra 'Sweep + Momentum' carregada com sucesso.
2025-06-09 14:46:05,714 - src.strategies.decision_matrix - DEBUG - Regra 'Iceberg Institucional' carregada com sucesso.
2025-06-09 14:46:05,719 - src.strategies.decision_matrix - DEBUG - Regra 'Breakout Confirmado' carregada com sucesso.
2025-06-09 14:46:05,727 - src.strategies.decision_matrix - DEBUG - Regra 'Reversão Divergência' carregada com sucesso.
2025-06-09 14:46:05,727 - src.strategies.decision_matrix - DEBUG - Regra 'Institutional Scalping' carregada com sucesso.
2025-06-09 14:46:05,727 - src.strategies.decision_matrix - DEBUG - Regra 'Armadilha e Reversão' carregada com sucesso.
2025-06-09 14:46:05,727 - src.strategies.decision_matrix - DEBUG - Regra 'Acumulação Oculta Avançada' carregada com sucesso.
2025-06-09 14:46:05,739 - src.strategies.decision_matrix - DEBUG - Regra 'Algoritmo Complexo' carregada com sucesso.
2025-06-09 14:46:05,742 - src.strategies.decision_matrix - DEBUG - Regra 'Acumulação Discreta' carregada com sucesso.
2025-06-09 14:46:05,742 - src.strategies.decision_matrix - DEBUG - Regra 'Breakout Recorrente' carregada com sucesso.
2025-06-09 14:46:05,742 - src.strategies.decision_matrix - DEBUG - Regra 'Defesa Ativa' carregada com sucesso.
2025-06-09 14:46:05,742 - src.strategies.decision_matrix - INFO - DecisionMatrix inicializada com 14 regras.
2025-06-09 14:46:05,743 - src.strategies.risk_manager - INFO - RiskManager inicializado - Trading: 09:05 - 17:30
2025-06-09 14:46:05,746 - src.strategies.strategy_loader - INFO - Todos os componentes inicializados com sucesso
2025-06-09 14:46:05,751 - src.behaviors.manager - INFO - Detector absorption inicializado (CPU-bound: False)
2025-06-09 14:46:05,757 - src.behaviors.manager - INFO - Detector exhaustion inicializado (CPU-bound: False)
2025-06-09 14:46:05,773 - src.behaviors.manager - INFO - Detector institutional inicializado (CPU-bound: False)
2025-06-09 14:46:05,775 - SupportResistanceEnhancedDetector - INFO - Banco de dados de níveis inicializado
2025-06-09 14:46:05,785 - SupportResistanceEnhancedDetector - INFO - Carregados 0 níveis históricos
2025-06-09 14:46:05,785 - src.behaviors.manager - INFO - Detector support_resistance inicializado (CPU-bound: False)
2025-06-09 14:46:05,786 - src.behaviors.manager - INFO - Detector sweep inicializado (CPU-bound: False)
2025-06-09 14:46:05,788 - src.behaviors.manager - INFO - Detector stop_hunt inicializado (CPU-bound: False)
2025-06-09 14:46:05,789 - src.behaviors.manager - INFO - Detector iceberg inicializado (CPU-bound: False)
2025-06-09 14:46:05,791 - src.behaviors.manager - INFO - Detector momentum inicializado (CPU-bound: False)
2025-06-09 14:46:05,792 - src.behaviors.manager - INFO - Detector breakout inicializado (CPU-bound: False)
2025-06-09 14:46:05,792 - src.behaviors.manager - INFO - Detector divergence inicializado (CPU-bound: True)
2025-06-09 14:46:05,796 - src.behaviors.manager - INFO - Detector htf inicializado (CPU-bound: True)
2025-06-09 14:46:05,796 - src.behaviors.manager - INFO - Detector micro_aggression inicializado (CPU-bound: True)
2025-06-09 14:46:05,800 - src.behaviors.manager - INFO - Detector recurrence inicializado (CPU-bound: True)
2025-06-09 14:46:05,800 - src.behaviors.manager - INFO - Detector renovation inicializado (CPU-bound: False)
2025-06-09 14:46:05,803 - src.behaviors.manager - INFO - Total de detectores ativos: 14
2025-06-09 14:46:05,804 - src.behaviors.manager - INFO - BehaviorManager inicializado (Otimizado) - Max workers: 4, CPU-bound detectors: ['recurrence', 'divergence', 'htf', 'micro_aggression']
2025-06-09 14:46:05,817 - Bootstrap - INFO - ✅ Todos os componentes criados com sucesso
2025-06-09 14:46:05,819 - TapeReader - INFO - Inicializando TapeReader Professional v2.0 com DI
2025-06-09 14:46:05,821 - src.strategies.risk_manager - INFO - Estado do RiskManager restaurado: P&L: 0.00, 0 posições abertas
2025-06-09 14:46:05,834 - src.core.tracking - INFO - Estado do SignalTracker restaurado: 0 sinais ativos, 0 estratégias
2025-06-09 14:46:05,834 - TapeReader - INFO - Estado restaurado de 2025-06-09T10:54:00.671041 - 0 sinais ativos
2025-06-09 14:46:05,834 - TapeReader - INFO - Sistema inicializado com sucesso via DI
2025-06-09 14:46:05,836 - root - ERROR - Erro fatal no sistema
Traceback (most recent call last):
  File "C:\Users\DNTX3\Desktop\projeto_tapeReading\tape_reader_final\tapereader\main.py", line 1183, in main
    asyncio.run(run_test(args))
    ~~~~~~~~~~~^^^^^^^^^^^^^^^^
  File "C:\Program Files\Python313\Lib\asyncio\runners.py", line 195, in run
    return runner.run(main)
           ~~~~~~~~~~^^^^^^
  File "C:\Program Files\Python313\Lib\asyncio\runners.py", line 118, in run
    return self._loop.run_until_complete(task)
           ~~~~~~~~~~~~~~~~~~~~~~~~~~~~~^^^^^^
  File "C:\Program Files\Python313\Lib\asyncio\base_events.py", line 719, in run_until_complete
    return future.result()
           ~~~~~~~~~~~~~^^
  File "C:\Users\DNTX3\Desktop\projeto_tapeReading\tape_reader_final\tapereader\main.py", line 1042, in run_test
    data_provider = MockDynamicProvider(full_config)
  File "C:\Users\DNTX3\Desktop\projeto_tapeReading\tape_reader_final\tapereader\src\data\mock_dynamic.py", line 82, in __init__
    mock_config = config.get('mock', {})
                  ^^^^^^^^^^
  File "C:\Users\DNTX3\AppData\Roaming\Python\Python313\site-packages\pydantic\main.py", line 989, in __getattr__
    raise AttributeError(f'{type(self).__name__!r} object has no attribute {item!r}')
AttributeError: 'Config' object has no attribute 'get'
2025-06-09 15:00:18,219 - asyncio - DEBUG - Using proactor: IocpProactor
2025-06-09 15:00:18,313 - asyncio - DEBUG - Using proactor: IocpProactor
2025-06-09 15:00:18,380 - root - DEBUG - Carregado arquivo de configuração: excel.yaml
2025-06-09 15:00:18,385 - root - DEBUG - Carregado arquivo de configuração: behaviors.yaml
2025-06-09 15:00:18,388 - root - DEBUG - Carregado arquivo de configuração: cache.yaml
2025-06-09 15:00:18,405 - root - DEBUG - Carregado arquivo de configuração: strategies.yaml
2025-06-09 15:00:18,407 - root - DEBUG - Carregado arquivo de configuração: risk.yaml
2025-06-09 15:00:18,410 - root - DEBUG - Carregado arquivo de configuração: database.yaml
2025-06-09 15:00:18,412 - root - DEBUG - Carregado arquivo de configuração: mock.yaml
2025-06-09 15:00:18,451 - root - ERROR - Erro ao carregar configuração: Erro ao carregar configuração: 3 validation errors for Config
mock.scenarios.default_duration
  Input should be a valid dictionary [type=dict_type, input_value=40, input_type=int]
    For further information visit https://errors.pydantic.dev/2.11/v/dict_type
mock.scenarios.long_duration
  Input should be a valid dictionary [type=dict_type, input_value=80, input_type=int]
    For further information visit https://errors.pydantic.dev/2.11/v/dict_type
mock.scenarios.medium_duration
  Input should be a valid dictionary [type=dict_type, input_value=60, input_type=int]
    For further information visit https://errors.pydantic.dev/2.11/v/dict_type
2025-06-09 15:12:46,855 - asyncio - DEBUG - Using proactor: IocpProactor
2025-06-09 15:12:46,930 - asyncio - DEBUG - Using proactor: IocpProactor
2025-06-09 15:12:46,962 - root - DEBUG - Carregado arquivo de configuração: excel.yaml
2025-06-09 15:12:46,967 - root - DEBUG - Carregado arquivo de configuração: behaviors.yaml
2025-06-09 15:12:46,970 - root - DEBUG - Carregado arquivo de configuração: cache.yaml
2025-06-09 15:12:46,985 - root - DEBUG - Carregado arquivo de configuração: strategies.yaml
2025-06-09 15:12:46,988 - root - DEBUG - Carregado arquivo de configuração: risk.yaml
2025-06-09 15:12:46,991 - root - DEBUG - Carregado arquivo de configuração: database.yaml
2025-06-09 15:12:46,996 - root - DEBUG - Carregado arquivo de configuração: mock.yaml
2025-06-09 15:12:47,033 - root - ERROR - Erro ao carregar configuração: Erro ao carregar configuração: 1 validation error for Config
mock.scenarios
  Input should be a valid dictionary [type=dict_type, input_value='pass', input_type=str]
    For further information visit https://errors.pydantic.dev/2.11/v/dict_type
2025-06-09 15:13:03,235 - asyncio - DEBUG - Using proactor: IocpProactor
2025-06-09 15:13:03,306 - asyncio - DEBUG - Using proactor: IocpProactor
2025-06-09 15:13:03,336 - root - DEBUG - Carregado arquivo de configuração: excel.yaml
2025-06-09 15:13:03,340 - root - DEBUG - Carregado arquivo de configuração: behaviors.yaml
2025-06-09 15:13:03,342 - root - DEBUG - Carregado arquivo de configuração: cache.yaml
2025-06-09 15:13:03,359 - root - DEBUG - Carregado arquivo de configuração: strategies.yaml
2025-06-09 15:13:03,360 - root - DEBUG - Carregado arquivo de configuração: risk.yaml
2025-06-09 15:13:03,363 - root - DEBUG - Carregado arquivo de configuração: database.yaml
2025-06-09 15:13:03,364 - root - DEBUG - Carregado arquivo de configuração: mock.yaml
2025-06-09 15:13:03,405 - root - ERROR - Erro ao carregar configuração: Erro ao carregar configuração: 3 validation errors for Config
mock.scenarios.default_duration
  Input should be a valid dictionary [type=dict_type, input_value=40, input_type=int]
    For further information visit https://errors.pydantic.dev/2.11/v/dict_type
mock.scenarios.long_duration
  Input should be a valid dictionary [type=dict_type, input_value=80, input_type=int]
    For further information visit https://errors.pydantic.dev/2.11/v/dict_type
mock.scenarios.medium_duration
  Input should be a valid dictionary [type=dict_type, input_value=60, input_type=int]
    For further information visit https://errors.pydantic.dev/2.11/v/dict_type
